Using pre-set license
Built from '2020.3/staging' branch; Version is '2020.3.11f1 (99c7afb366b3) revision 10078127'; Using compiler version '192528614'; Build Type 'Release'
OS: 'Windows 10 Home; OS build 19044.2006; Version 2009; 64bit' Language: 'ru' Physical Memory: 8134 MB
BatchMode: 1, IsHumanControllingUs: 0, StartBugReporterOnCrash: 0, Is64bit: 1, IsPro: 0

 COMMAND LINE ARGUMENTS:
D:\2020.3.11f1\Editor\Unity.exe
-adb2
-batchMode
-noUpm
-name
AssetImportWorker0
-projectPath
D:/My project (1)/New Unity Project
-logFile
Logs/AssetImportWorker0.log
-srvPort
58138
Successfully changed project path to: D:/My project (1)/New Unity Project
D:/My project (1)/New Unity Project
Using Asset Import Pipeline V2.
Refreshing native plugins compatible for Editor in 200.60 ms, found 2 plugins.
Preloading 0 native plugins for Editor in 0.00 ms.
Initialize engine version: 2020.3.11f1 (99c7afb366b3)
[Subsystems] Discovering subsystems at path D:/2020.3.11f1/Editor/Data/Resources/UnitySubsystems
[Subsystems] Discovering subsystems at path D:/My project (1)/New Unity Project/Assets
GfxDevice: creating device client; threaded=0
Direct3D:
    Version:  Direct3D 11.0 [level 11.1]
    Renderer: ASUS R7 250X Series (ID=0x683d)
    Vendor:   
    VRAM:     2028 MB
    Driver:   26.20.12028.2
Initialize mono
Mono path[0] = 'D:/2020.3.11f1/Editor/Data/Managed'
Mono path[1] = 'D:/2020.3.11f1/Editor/Data/MonoBleedingEdge/lib/mono/unityjit'
Mono config path = 'D:/2020.3.11f1/Editor/Data/MonoBleedingEdge/etc'
Using monoOptions --debugger-agent=transport=dt_socket,embedding=1,server=y,suspend=n,address=127.0.0.1:56372
Begin MonoManager ReloadAssembly
Registering precompiled unity dll's ...
Register platform support module: D:/2020.3.11f1/Editor/Data/PlaybackEngines/WebGLSupport/UnityEditor.WebGL.Extensions.dll
Register platform support module: D:/2020.3.11f1/Editor/Data/PlaybackEngines/WindowsStandaloneSupport/UnityEditor.WindowsStandalone.Extensions.dll
Registered in 0.005588 seconds.
Native extension for WindowsStandalone target not found
Native extension for WebGL target not found
Refreshing native plugins compatible for Editor in 54.44 ms, found 2 plugins.
Preloading 0 native plugins for Editor in 0.00 ms.
Mono: successfully reloaded assembly
- Completed reload, in  8.651 seconds
Platform modules already initialized, skipping
Registering precompiled user dll's ...
Registered in 0.211346 seconds.
Begin MonoManager ReloadAssembly
Native extension for WindowsStandalone target not found
Native extension for WebGL target not found
Refreshing native plugins compatible for Editor in 0.73 ms, found 2 plugins.
Preloading 0 native plugins for Editor in 0.00 ms.
Mono: successfully reloaded assembly
- Completed reload, in  2.860 seconds
Platform modules already initialized, skipping
========================================================================
Worker process is ready to serve import requests
Launched and connected shader compiler UnityShaderCompiler.exe after 0.18 seconds
Refreshing native plugins compatible for Editor in 0.68 ms, found 2 plugins.
Preloading 0 native plugins for Editor in 0.00 ms.
Unloading 1408 Unused Serialized files (Serialized files now loaded: 0)
System memory in use before: 86.2 MB.
System memory in use after: 86.2 MB.

Unloading 18 unused Assets to reduce memory usage. Loaded Objects now: 1862.
Total: 4.045700 ms (FindLiveObjects: 0.324500 ms CreateObjectMapping: 0.072400 ms MarkObjects: 3.466900 ms  DeleteObjects: 0.178900 ms)

========================================================================
Received Import Request.
  path: Assets/Inventory.cs
  artifactKey: Guid(bd1c0ff1c17ca18488bd227266e0ff87) Importer(815301076,1909f56bfc062723c751e8b465ee728b)
Start importing Assets/Inventory.cs using Guid(bd1c0ff1c17ca18488bd227266e0ff87) Importer(815301076,1909f56bfc062723c751e8b465ee728b)  -> (artifact id: '11e8612f671a004c397b49cd077bf29c') in 0.248177 seconds
  Import took 0.285378 seconds .

========================================================================
Received Prepare
Refreshing native plugins compatible for Editor in 9.58 ms, found 2 plugins.
Preloading 0 native plugins for Editor in 0.00 ms.
Unloading 11 Unused Serialized files (Serialized files now loaded: 0)
System memory in use before: 57.3 MB.
System memory in use after: 57.4 MB.

Unloading 11 unused Assets to reduce memory usage. Loaded Objects now: 1862.
Total: 4.469300 ms (FindLiveObjects: 0.377200 ms CreateObjectMapping: 0.068900 ms MarkObjects: 3.989100 ms  DeleteObjects: 0.031700 ms)

========================================================================
Received Import Request.
  Time since last request: 605.562751 seconds.
  path: Assets/Door.cs
  artifactKey: Guid(af7aa06924d2f094093aa7e775c6b605) Importer(815301076,1909f56bfc062723c751e8b465ee728b)
Start importing Assets/Door.cs using Guid(af7aa06924d2f094093aa7e775c6b605) Importer(815301076,1909f56bfc062723c751e8b465ee728b)  -> (artifact id: '5590b8d3788be0a06cb7b9cb9f97e080') in 0.003688 seconds
  Import took 0.028816 seconds .

========================================================================
Received Import Request.
  Time since last request: 101.226595 seconds.
  path: Assets/Door.cs
  artifactKey: Guid(af7aa06924d2f094093aa7e775c6b605) Importer(815301076,1909f56bfc062723c751e8b465ee728b)
Start importing Assets/Door.cs using Guid(af7aa06924d2f094093aa7e775c6b605) Importer(815301076,1909f56bfc062723c751e8b465ee728b)  -> (artifact id: '08732b35afd15766bbf412626d034bba') in 0.030018 seconds
  Import took 0.105390 seconds .

========================================================================
Received Prepare
Registering precompiled user dll's ...
Registered in 0.255076 seconds.
Begin MonoManager ReloadAssembly
Native extension for WindowsStandalone target not found
Native extension for WebGL target not found
Refreshing native plugins compatible for Editor in 1.02 ms, found 2 plugins.
Preloading 0 native plugins for Editor in 0.00 ms.
Mono: successfully reloaded assembly
- Completed reload, in  2.620 seconds
Platform modules already initialized, skipping
Refreshing native plugins compatible for Editor in 1.54 ms, found 2 plugins.
Preloading 0 native plugins for Editor in 0.00 ms.
Unloading 1389 Unused Serialized files (Serialized files now loaded: 0)
System memory in use before: 84.8 MB.
System memory in use after: 84.9 MB.

Unloading 13 unused Assets to reduce memory usage. Loaded Objects now: 1865.
Total: 4.276900 ms (FindLiveObjects: 0.349300 ms CreateObjectMapping: 0.067000 ms MarkObjects: 3.821400 ms  DeleteObjects: 0.036800 ms)

========================================================================
Received Import Request.
  Time since last request: 136.675299 seconds.
  path: Assets/Door.cs
  artifactKey: Guid(af7aa06924d2f094093aa7e775c6b605) Importer(815301076,1909f56bfc062723c751e8b465ee728b)
Start importing Assets/Door.cs using Guid(af7aa06924d2f094093aa7e775c6b605) Importer(815301076,1909f56bfc062723c751e8b465ee728b)  -> (artifact id: 'a0f081093092ab668b59299b0fd9d86e') in 0.011721 seconds
  Import took 0.056107 seconds .

========================================================================
Received Prepare
Registering precompiled user dll's ...
Registered in 0.066664 seconds.
Begin MonoManager ReloadAssembly
Native extension for WindowsStandalone target not found
Native extension for WebGL target not found
Refreshing native plugins compatible for Editor in 0.99 ms, found 2 plugins.
Preloading 0 native plugins for Editor in 0.00 ms.
Mono: successfully reloaded assembly
- Completed reload, in  2.180 seconds
Platform modules already initialized, skipping
Refreshing native plugins compatible for Editor in 0.68 ms, found 2 plugins.
Preloading 0 native plugins for Editor in 0.00 ms.
Unloading 1389 Unused Serialized files (Serialized files now loaded: 0)
System memory in use before: 84.8 MB.
System memory in use after: 84.9 MB.

Unloading 13 unused Assets to reduce memory usage. Loaded Objects now: 1868.
Total: 3.978500 ms (FindLiveObjects: 0.304700 ms CreateObjectMapping: 0.094200 ms MarkObjects: 3.535600 ms  DeleteObjects: 0.041100 ms)

========================================================================
Received Prepare
Registering precompiled user dll's ...
Registered in 0.015283 seconds.
Begin MonoManager ReloadAssembly
Native extension for WindowsStandalone target not found
Native extension for WebGL target not found
Refreshing native plugins compatible for Editor in 0.98 ms, found 2 plugins.
Preloading 0 native plugins for Editor in 0.00 ms.
Mono: successfully reloaded assembly
- Completed reload, in  2.995 seconds
Platform modules already initialized, skipping
Refreshing native plugins compatible for Editor in 0.67 ms, found 2 plugins.
Preloading 0 native plugins for Editor in 0.00 ms.
Unloading 1389 Unused Serialized files (Serialized files now loaded: 0)
System memory in use before: 84.9 MB.
System memory in use after: 85.0 MB.

Unloading 13 unused Assets to reduce memory usage. Loaded Objects now: 1871.
Total: 2.911100 ms (FindLiveObjects: 0.287000 ms CreateObjectMapping: 0.066900 ms MarkObjects: 2.518400 ms  DeleteObjects: 0.037200 ms)

========================================================================
Received Prepare
Registering precompiled user dll's ...
Registered in 0.006415 seconds.
Begin MonoManager ReloadAssembly
Native extension for WindowsStandalone target not found
Native extension for WebGL target not found
Refreshing native plugins compatible for Editor in 0.71 ms, found 2 plugins.
Preloading 0 native plugins for Editor in 0.00 ms.
Mono: successfully reloaded assembly
- Completed reload, in  2.698 seconds
Platform modules already initialized, skipping
Refreshing native plugins compatible for Editor in 0.71 ms, found 2 plugins.
Preloading 0 native plugins for Editor in 0.00 ms.
Unloading 1389 Unused Serialized files (Serialized files now loaded: 0)
System memory in use before: 84.9 MB.
System memory in use after: 85.0 MB.

Unloading 13 unused Assets to reduce memory usage. Loaded Objects now: 1874.
Total: 3.499900 ms (FindLiveObjects: 0.321500 ms CreateObjectMapping: 0.206000 ms MarkObjects: 2.938400 ms  DeleteObjects: 0.030700 ms)

========================================================================
Received Prepare
Registering precompiled user dll's ...
Registered in 0.050306 seconds.
Begin MonoManager ReloadAssembly
Native extension for WindowsStandalone target not found
Native extension for WebGL target not found
Refreshing native plugins compatible for Editor in 0.75 ms, found 2 plugins.
Preloading 0 native plugins for Editor in 0.00 ms.
Mono: successfully reloaded assembly
- Completed reload, in  1.713 seconds
Platform modules already initialized, skipping
Refreshing native plugins compatible for Editor in 0.73 ms, found 2 plugins.
Preloading 0 native plugins for Editor in 0.00 ms.
Unloading 1389 Unused Serialized files (Serialized files now loaded: 0)
System memory in use before: 84.9 MB.
System memory in use after: 85.0 MB.

Unloading 13 unused Assets to reduce memory usage. Loaded Objects now: 1877.
Total: 3.249500 ms (FindLiveObjects: 0.329600 ms CreateObjectMapping: 0.077600 ms MarkObjects: 2.810100 ms  DeleteObjects: 0.030200 ms)

AssetImportWorkerClient::OnTransportError - code=2 error=End of file
